2026-04-16 17:48:05,075 INFO o.a.j.u.JMeterUtils: Setting Locale to en_EN
2026-04-16 17:48:05,098 INFO o.a.j.JMeter: Loading user properties from: C:\Program Files\apache-jmeter-5.6.3\bin\user.properties
2026-04-16 17:48:05,099 INFO o.a.j.JMeter: Loading system properties from: C:\Program Files\apache-jmeter-5.6.3\bin\system.properties
2026-04-16 17:48:05,108 INFO o.a.j.JMeter: Copyright (c) 1998-2024 The Apache Software Foundation
2026-04-16 17:48:05,108 INFO o.a.j.JMeter: Version 5.6.3
2026-04-16 17:48:05,108 INFO o.a.j.JMeter: java.version=21.0.10
2026-04-16 17:48:05,108 INFO o.a.j.JMeter: java.vm.name=Java HotSpot(TM) 64-Bit Server VM
2026-04-16 17:48:05,108 INFO o.a.j.JMeter: os.name=Windows 10
2026-04-16 17:48:05,108 INFO o.a.j.JMeter: os.arch=amd64
2026-04-16 17:48:05,108 INFO o.a.j.JMeter: os.version=10.0
2026-04-16 17:48:05,108 INFO o.a.j.JMeter: file.encoding=UTF-8
2026-04-16 17:48:05,108 INFO o.a.j.JMeter: java.awt.headless=null
2026-04-16 17:48:05,109 INFO o.a.j.JMeter: Max memory     =1073741824
2026-04-16 17:48:05,109 INFO o.a.j.JMeter: Available Processors =8
2026-04-16 17:48:05,122 INFO o.a.j.JMeter: Default Locale=English (EN)
2026-04-16 17:48:05,122 INFO o.a.j.JMeter: JMeter  Locale=English (EN)
2026-04-16 17:48:05,122 INFO o.a.j.JMeter: JMeterHome=C:\Program Files\apache-jmeter-5.6.3
2026-04-16 17:48:05,122 INFO o.a.j.JMeter: user.dir  =C:\Users\Fardin Faruk\Documents\Jmeter
2026-04-16 17:48:05,123 INFO o.a.j.JMeter: PWD       =C:\Users\Fardin Faruk\Documents\Jmeter
2026-04-16 17:48:05,127 INFO o.a.j.JMeter: IP: 10.100.0.18 Name: DESKTOP-863EENL FullName: DESKTOP-863EENL
2026-04-16 17:48:05,149 INFO o.a.j.JMeter: Loaded icon properties from org/apache/jmeter/images/icon.properties
2026-04-16 17:48:05,398 INFO o.a.j.JMeterGuiLauncher: Setting LAF to: com.github.weisj.darklaf.DarkLaf:com.github.weisj.darklaf.theme.DarculaTheme
2026-04-16 17:48:14,418 INFO o.a.j.s.FileServer: Default base='C:\Users\Fardin Faruk\Documents\Jmeter'
2026-04-16 17:48:14,421 INFO o.a.j.g.a.Load: Loading file: C:\Users\Fardin Faruk\Documents\Jmeter\money-transfer-api.jmx
2026-04-16 17:48:14,421 INFO o.a.j.s.FileServer: Set new base='C:\Users\Fardin Faruk\Documents\Jmeter'
2026-04-16 17:48:14,684 INFO o.a.j.s.SaveService: Testplan (JMX) version: 2.2. Testlog (JTL) version: 2.2
2026-04-16 17:48:14,725 INFO o.a.j.s.SaveService: Using SaveService properties version 5.0
2026-04-16 17:48:14,727 INFO o.a.j.s.SaveService: Using SaveService properties file encoding UTF-8
2026-04-16 17:48:14,729 INFO o.a.j.s.SaveService: Loading file: C:\Users\Fardin Faruk\Documents\Jmeter\money-transfer-api.jmx
2026-04-16 17:48:14,761 INFO o.a.j.p.h.s.HTTPSamplerBase: Parser for text/html is org.apache.jmeter.protocol.http.parser.LagartoBasedHtmlParser
2026-04-16 17:48:14,761 INFO o.a.j.p.h.s.HTTPSamplerBase: Parser for application/xhtml+xml is org.apache.jmeter.protocol.http.parser.LagartoBasedHtmlParser
2026-04-16 17:48:14,761 INFO o.a.j.p.h.s.HTTPSamplerBase: Parser for application/xml is org.apache.jmeter.protocol.http.parser.LagartoBasedHtmlParser
2026-04-16 17:48:14,762 INFO o.a.j.p.h.s.HTTPSamplerBase: Parser for text/xml is org.apache.jmeter.protocol.http.parser.LagartoBasedHtmlParser
2026-04-16 17:48:14,762 INFO o.a.j.p.h.s.HTTPSamplerBase: Parser for text/vnd.wap.wml is org.apache.jmeter.protocol.http.parser.RegexpHTMLParser
2026-04-16 17:48:14,762 INFO o.a.j.p.h.s.HTTPSamplerBase: Parser for text/css is org.apache.jmeter.protocol.http.parser.CssParser
2026-04-16 17:48:15,222 INFO o.a.j.s.SampleResult: Note: Sample TimeStamps are START times
2026-04-16 17:48:15,222 INFO o.a.j.s.SampleResult: sampleresult.default.encoding is set to UTF-8
2026-04-16 17:48:15,222 INFO o.a.j.s.SampleResult: sampleresult.useNanoTime=true
2026-04-16 17:48:15,222 INFO o.a.j.s.SampleResult: sampleresult.nanoThreadSleep=5000
2026-04-16 17:48:15,818 INFO o.a.j.s.FileServer: Set new base='C:\Users\Fardin Faruk\Documents\Jmeter'
2026-04-16 17:53:23,153 INFO o.a.j.e.StandardJMeterEngine: Running the test!
2026-04-16 17:53:23,154 INFO o.a.j.s.SampleEvent: List of sample_variables: []
2026-04-16 17:53:23,154 INFO o.a.j.s.SampleEvent: List of sample_variables: []
2026-04-16 17:53:23,156 INFO o.a.j.e.u.CompoundVariable: Note: Function class names must contain the string: '.functions.'
2026-04-16 17:53:23,156 INFO o.a.j.e.u.CompoundVariable: Note: Function class names must not contain the string: '.gui.'
2026-04-16 17:53:23,207 INFO o.a.j.g.u.JMeterMenuBar: setRunning(true, *local*)
2026-04-16 17:53:23,255 INFO o.a.j.e.StandardJMeterEngine: Starting ThreadGroup: 1 : Thread Group
2026-04-16 17:53:23,255 INFO o.a.j.e.StandardJMeterEngine: Starting 100 threads for group Thread Group.
2026-04-16 17:53:23,255 INFO o.a.j.e.StandardJMeterEngine: Thread will continue on error
2026-04-16 17:53:23,256 INFO o.a.j.t.ThreadGroup: Starting thread group... number=1 threads=100 ramp-up=60 delayedStart=false
2026-04-16 17:53:23,264 INFO o.a.j.t.JMeterThread: Thread started: Thread Group 1-1
2026-04-16 17:53:23,267 INFO o.a.j.s.FileServer: Stored: C:\Users\Fardin Faruk\Desktop\users.csv
2026-04-16 17:53:23,311 INFO o.a.j.p.h.s.HTTPHCAbstractImpl: Local host = DESKTOP-863EENL
2026-04-16 17:53:23,325 INFO o.a.j.p.h.s.HTTPHC4Impl: HTTP request retry count = 0
2026-04-16 17:53:23,432 INFO o.a.j.t.ThreadGroup: Started thread group number 1
2026-04-16 17:53:23,432 INFO o.a.j.e.StandardJMeterEngine: All thread groups have been started
2026-04-16 17:53:23,491 INFO o.a.j.p.h.s.h.LazyLayeredConnectionSocketFactory: Setting up HTTPS TrustAll Socket Factory
2026-04-16 17:53:23,495 INFO o.a.j.u.JsseSSLManager: Using default SSL protocol: TLS
2026-04-16 17:53:23,495 INFO o.a.j.u.JsseSSLManager: SSL session context: per-thread
2026-04-16 17:53:23,660 INFO o.a.j.u.SSLManager: JmeterKeyStore Location:  type JKS
2026-04-16 17:53:23,666 INFO o.a.j.u.SSLManager: KeyStore created OK
2026-04-16 17:53:23,666 WARN o.a.j.u.SSLManager: Keystore file not found, loading empty keystore
2026-04-16 17:53:23,861 INFO o.a.j.t.JMeterThread: Thread started: Thread Group 1-2
2026-04-16 17:53:24,461 INFO o.a.j.t.JMeterThread: Thread started: Thread Group 1-3
2026-04-16 17:53:25,061 INFO o.a.j.t.JMeterThread: Thread started: Thread Group 1-4
2026-04-16 17:53:25,662 INFO o.a.j.t.JMeterThread: Thread started: Thread Group 1-5
2026-04-16 17:53:26,262 INFO o.a.j.t.JMeterThread: Thread started: Thread Group 1-6
2026-04-16 17:53:26,860 INFO o.a.j.t.JMeterThread: Thread started: Thread Group 1-7
2026-04-16 17:53:27,465 INFO o.a.j.t.JMeterThread: Thread started: Thread Group 1-8
2026-04-16 17:53:28,061 INFO o.a.j.t.JMeterThread: Thread started: Thread Group 1-9
2026-04-16 17:53:28,563 INFO o.a.j.t.JMeterThread: Thread is done: Thread Group 1-4
2026-04-16 17:53:28,563 INFO o.a.j.t.JMeterThread: Thread finished: Thread Group 1-4
2026-04-16 17:53:28,660 INFO o.a.j.t.JMeterThread: Thread started: Thread Group 1-10
2026-04-16 17:53:28,816 INFO o.a.j.t.JMeterThread: Thread is done: Thread Group 1-2
2026-04-16 17:53:28,816 INFO o.a.j.t.JMeterThread: Thread finished: Thread Group 1-2
2026-04-16 17:53:28,884 INFO o.a.j.t.JMeterThread: Thread is done: Thread Group 1-3
2026-04-16 17:53:28,884 INFO o.a.j.t.JMeterThread: Thread finished: Thread Group 1-3
2026-04-16 17:53:29,260 INFO o.a.j.t.JMeterThread: Thread started: Thread Group 1-11
2026-04-16 17:53:29,263 INFO o.a.j.t.JMeterThread: Thread is done: Thread Group 1-5
2026-04-16 17:53:29,264 INFO o.a.j.t.JMeterThread: Thread finished: Thread Group 1-5
2026-04-16 17:53:29,724 INFO o.a.j.t.JMeterThread: Thread is done: Thread Group 1-6
2026-04-16 17:53:29,724 INFO o.a.j.t.JMeterThread: Thread finished: Thread Group 1-6
2026-04-16 17:53:29,861 INFO o.a.j.t.JMeterThread: Thread started: Thread Group 1-12
2026-04-16 17:53:30,118 INFO o.a.j.t.JMeterThread: Thread is done: Thread Group 1-1
2026-04-16 17:53:30,118 INFO o.a.j.t.JMeterThread: Thread finished: Thread Group 1-1
2026-04-16 17:53:30,154 INFO o.a.j.t.JMeterThread: Thread is done: Thread Group 1-7
2026-04-16 17:53:30,155 INFO o.a.j.t.JMeterThread: Thread finished: Thread Group 1-7
2026-04-16 17:53:30,461 INFO o.a.j.t.JMeterThread: Thread started: Thread Group 1-13
2026-04-16 17:53:30,684 INFO o.a.j.t.JMeterThread: Thread is done: Thread Group 1-8
2026-04-16 17:53:30,684 INFO o.a.j.t.JMeterThread: Thread finished: Thread Group 1-8
2026-04-16 17:53:31,060 INFO o.a.j.t.JMeterThread: Thread started: Thread Group 1-14
2026-04-16 17:53:31,380 INFO o.a.j.t.JMeterThread: Thread is done: Thread Group 1-9
2026-04-16 17:53:31,380 INFO o.a.j.t.JMeterThread: Thread finished: Thread Group 1-9
2026-04-16 17:53:31,659 INFO o.a.j.t.JMeterThread: Thread started: Thread Group 1-15
2026-04-16 17:53:31,782 INFO o.a.j.t.JMeterThread: Thread is done: Thread Group 1-10
2026-04-16 17:53:31,782 INFO o.a.j.t.JMeterThread: Thread finished: Thread Group 1-10
2026-04-16 17:53:32,259 INFO o.a.j.t.JMeterThread: Thread started: Thread Group 1-16
2026-04-16 17:53:32,293 INFO o.a.j.t.JMeterThread: Thread is done: Thread Group 1-11
2026-04-16 17:53:32,293 INFO o.a.j.t.JMeterThread: Thread finished: Thread Group 1-11
2026-04-16 17:53:32,777 INFO o.a.j.t.JMeterThread: Thread is done: Thread Group 1-12
2026-04-16 17:53:32,777 INFO o.a.j.t.JMeterThread: Thread finished: Thread Group 1-12
2026-04-16 17:53:32,860 INFO o.a.j.t.JMeterThread: Thread started: Thread Group 1-17
2026-04-16 17:53:33,461 INFO o.a.j.t.JMeterThread: Thread started: Thread Group 1-18
2026-04-16 17:53:33,463 INFO o.a.j.t.JMeterThread: Thread is done: Thread Group 1-13
2026-04-16 17:53:33,463 INFO o.a.j.t.JMeterThread: Thread finished: Thread Group 1-13
2026-04-16 17:53:33,920 INFO o.a.j.t.JMeterThread: Thread is done: Thread Group 1-14
2026-04-16 17:53:33,921 INFO o.a.j.t.JMeterThread: Thread finished: Thread Group 1-14
2026-04-16 17:53:34,059 INFO o.a.j.t.JMeterThread: Thread started: Thread Group 1-19
2026-04-16 17:53:34,659 INFO o.a.j.t.JMeterThread: Thread started: Thread Group 1-20
2026-04-16 17:53:34,772 INFO o.a.j.t.JMeterThread: Thread is done: Thread Group 1-15
2026-04-16 17:53:34,773 INFO o.a.j.t.JMeterThread: Thread finished: Thread Group 1-15
2026-04-16 17:53:35,260 INFO o.a.j.t.JMeterThread: Thread started: Thread Group 1-21
2026-04-16 17:53:35,642 INFO o.a.j.t.JMeterThread: Thread is done: Thread Group 1-16
2026-04-16 17:53:35,642 INFO o.a.j.t.JMeterThread: Thread finished: Thread Group 1-16
2026-04-16 17:53:35,862 INFO o.a.j.t.JMeterThread: Thread started: Thread Group 1-22
2026-04-16 17:53:36,320 INFO o.a.j.t.JMeterThread: Thread is done: Thread Group 1-18
2026-04-16 17:53:36,320 INFO o.a.j.t.JMeterThread: Thread finished: Thread Group 1-18
2026-04-16 17:53:36,461 INFO o.a.j.t.JMeterThread: Thread started: Thread Group 1-23
2026-04-16 17:53:36,542 INFO o.a.j.t.JMeterThread: Thread is done: Thread Group 1-17
2026-04-16 17:53:36,542 INFO o.a.j.t.JMeterThread: Thread finished: Thread Group 1-17
2026-04-16 17:53:36,799 INFO o.a.j.t.JMeterThread: Thread is done: Thread Group 1-19
2026-04-16 17:53:36,799 INFO o.a.j.t.JMeterThread: Thread finished: Thread Group 1-19
2026-04-16 17:53:37,058 INFO o.a.j.t.JMeterThread: Thread started: Thread Group 1-24
2026-04-16 17:53:37,479 INFO o.a.j.t.JMeterThread: Thread is done: Thread Group 1-20
2026-04-16 17:53:37,479 INFO o.a.j.t.JMeterThread: Thread finished: Thread Group 1-20
2026-04-16 17:53:37,659 INFO o.a.j.t.JMeterThread: Thread started: Thread Group 1-25
2026-04-16 17:53:38,259 INFO o.a.j.t.JMeterThread: Thread started: Thread Group 1-26
2026-04-16 17:53:38,263 INFO o.a.j.t.JMeterThread: Thread is done: Thread Group 1-21
2026-04-16 17:53:38,263 INFO o.a.j.t.JMeterThread: Thread finished: Thread Group 1-21
2026-04-16 17:53:38,865 INFO o.a.j.t.JMeterThread: Thread started: Thread Group 1-27
2026-04-16 17:53:39,043 INFO o.a.j.t.JMeterThread: Thread is done: Thread Group 1-22
2026-04-16 17:53:39,043 INFO o.a.j.t.JMeterThread: Thread finished: Thread Group 1-22
2026-04-16 17:53:39,242 INFO o.a.j.t.JMeterThread: Thread is done: Thread Group 1-23
2026-04-16 17:53:39,242 INFO o.a.j.t.JMeterThread: Thread finished: Thread Group 1-23
2026-04-16 17:53:39,468 INFO o.a.j.t.JMeterThread: Thread started: Thread Group 1-28
2026-04-16 17:53:39,731 INFO o.a.j.t.JMeterThread: Thread is done: Thread Group 1-24
2026-04-16 17:53:39,731 INFO o.a.j.t.JMeterThread: Thread finished: Thread Group 1-24
2026-04-16 17:53:40,058 INFO o.a.j.t.JMeterThread: Thread started: Thread Group 1-29
2026-04-16 17:53:40,430 INFO o.a.j.t.JMeterThread: Thread is done: Thread Group 1-25
2026-04-16 17:53:40,430 INFO o.a.j.t.JMeterThread: Thread finished: Thread Group 1-25
2026-04-16 17:53:40,659 INFO o.a.j.t.JMeterThread: Thread started: Thread Group 1-30
2026-04-16 17:53:41,260 INFO o.a.j.t.JMeterThread: Thread started: Thread Group 1-31
2026-04-16 17:53:41,317 INFO o.a.j.t.JMeterThread: Thread is done: Thread Group 1-26
2026-04-16 17:53:41,317 INFO o.a.j.t.JMeterThread: Thread finished: Thread Group 1-26
2026-04-16 17:53:41,575 INFO o.a.j.t.JMeterThread: Thread is done: Thread Group 1-27
2026-04-16 17:53:41,575 INFO o.a.j.t.JMeterThread: Thread finished: Thread Group 1-27
2026-04-16 17:53:41,859 INFO o.a.j.t.JMeterThread: Thread started: Thread Group 1-32
2026-04-16 17:53:42,211 INFO o.a.j.t.JMeterThread: Thread is done: Thread Group 1-28
2026-04-16 17:53:42,211 INFO o.a.j.t.JMeterThread: Thread finished: Thread Group 1-28
2026-04-16 17:53:42,460 INFO o.a.j.t.JMeterThread: Thread started: Thread Group 1-33
2026-04-16 17:53:42,979 INFO o.a.j.t.JMeterThread: Thread is done: Thread Group 1-29
2026-04-16 17:53:42,979 INFO o.a.j.t.JMeterThread: Thread finished: Thread Group 1-29
2026-04-16 17:53:43,060 INFO o.a.j.t.JMeterThread: Thread started: Thread Group 1-34
2026-04-16 17:53:43,658 INFO o.a.j.t.JMeterThread: Thread started: Thread Group 1-35
2026-04-16 17:53:43,817 INFO o.a.j.t.JMeterThread: Thread is done: Thread Group 1-30
2026-04-16 17:53:43,817 INFO o.a.j.t.JMeterThread: Thread finished: Thread Group 1-30
2026-04-16 17:53:44,227 INFO o.a.j.t.JMeterThread: Thread is done: Thread Group 1-31
2026-04-16 17:53:44,227 INFO o.a.j.t.JMeterThread: Thread finished: Thread Group 1-31
2026-04-16 17:53:44,259 INFO o.a.j.t.JMeterThread: Thread started: Thread Group 1-36
2026-04-16 17:53:44,554 INFO o.a.j.t.JMeterThread: Thread is done: Thread Group 1-32
2026-04-16 17:53:44,554 INFO o.a.j.t.JMeterThread: Thread finished: Thread Group 1-32
2026-04-16 17:53:44,860 INFO o.a.j.t.JMeterThread: Thread started: Thread Group 1-37
2026-04-16 17:53:45,322 INFO o.a.j.t.JMeterThread: Thread is done: Thread Group 1-33
2026-04-16 17:53:45,322 INFO o.a.j.t.JMeterThread: Thread finished: Thread Group 1-33
2026-04-16 17:53:45,461 INFO o.a.j.t.JMeterThread: Thread started: Thread Group 1-38
2026-04-16 17:53:46,001 INFO o.a.j.t.JMeterThread: Thread is done: Thread Group 1-34
2026-04-16 17:53:46,001 INFO o.a.j.t.JMeterThread: Thread finished: Thread Group 1-34
2026-04-16 17:53:46,059 INFO o.a.j.t.JMeterThread: Thread started: Thread Group 1-39
2026-04-16 17:53:46,445 INFO o.a.j.t.JMeterThread: Thread is done: Thread Group 1-35
2026-04-16 17:53:46,445 INFO o.a.j.t.JMeterThread: Thread finished: Thread Group 1-35
2026-04-16 17:53:46,669 INFO o.a.j.t.JMeterThread: Thread started: Thread Group 1-40
2026-04-16 17:53:47,155 INFO o.a.j.t.JMeterThread: Thread is done: Thread Group 1-36
2026-04-16 17:53:47,155 INFO o.a.j.t.JMeterThread: Thread finished: Thread Group 1-36
2026-04-16 17:53:47,259 INFO o.a.j.t.JMeterThread: Thread started: Thread Group 1-41
2026-04-16 17:53:47,792 INFO o.a.j.t.JMeterThread: Thread is done: Thread Group 1-37
2026-04-16 17:53:47,792 INFO o.a.j.t.JMeterThread: Thread finished: Thread Group 1-37
2026-04-16 17:53:47,858 INFO o.a.j.t.JMeterThread: Thread started: Thread Group 1-42
2026-04-16 17:53:48,458 INFO o.a.j.t.JMeterThread: Thread started: Thread Group 1-43
2026-04-16 17:53:48,911 INFO o.a.j.t.JMeterThread: Thread is done: Thread Group 1-39
2026-04-16 17:53:48,911 INFO o.a.j.t.JMeterThread: Thread finished: Thread Group 1-39
2026-04-16 17:53:49,058 INFO o.a.j.t.JMeterThread: Thread started: Thread Group 1-44
2026-04-16 17:53:49,385 INFO o.a.j.t.JMeterThread: Thread is done: Thread Group 1-40
2026-04-16 17:53:49,385 INFO o.a.j.t.JMeterThread: Thread finished: Thread Group 1-40
2026-04-16 17:53:49,659 INFO o.a.j.t.JMeterThread: Thread started: Thread Group 1-45
2026-04-16 17:53:50,112 INFO o.a.j.t.JMeterThread: Thread is done: Thread Group 1-41
2026-04-16 17:53:50,112 INFO o.a.j.t.JMeterThread: Thread finished: Thread Group 1-41
2026-04-16 17:53:50,260 INFO o.a.j.t.JMeterThread: Thread started: Thread Group 1-46
2026-04-16 17:53:50,498 INFO o.a.j.t.JMeterThread: Thread is done: Thread Group 1-38
2026-04-16 17:53:50,498 INFO o.a.j.t.JMeterThread: Thread finished: Thread Group 1-38
2026-04-16 17:53:50,859 INFO o.a.j.t.JMeterThread: Thread started: Thread Group 1-47
2026-04-16 17:53:51,368 INFO o.a.j.t.JMeterThread: Thread is done: Thread Group 1-43
2026-04-16 17:53:51,368 INFO o.a.j.t.JMeterThread: Thread finished: Thread Group 1-43
2026-04-16 17:53:51,460 INFO o.a.j.t.JMeterThread: Thread started: Thread Group 1-48
2026-04-16 17:53:51,465 INFO o.a.j.t.JMeterThread: Thread is done: Thread Group 1-42
2026-04-16 17:53:51,465 INFO o.a.j.t.JMeterThread: Thread finished: Thread Group 1-42
2026-04-16 17:53:52,012 INFO o.a.j.t.JMeterThread: Thread is done: Thread Group 1-44
2026-04-16 17:53:52,012 INFO o.a.j.t.JMeterThread: Thread finished: Thread Group 1-44
2026-04-16 17:53:52,059 INFO o.a.j.t.JMeterThread: Thread started: Thread Group 1-49
2026-04-16 17:53:52,462 INFO o.a.j.t.JMeterThread: Thread is done: Thread Group 1-45
2026-04-16 17:53:52,462 INFO o.a.j.t.JMeterThread: Thread finished: Thread Group 1-45
2026-04-16 17:53:52,659 INFO o.a.j.t.JMeterThread: Thread started: Thread Group 1-50
2026-04-16 17:53:53,033 INFO o.a.j.t.JMeterThread: Thread is done: Thread Group 1-46
2026-04-16 17:53:53,033 INFO o.a.j.t.JMeterThread: Thread finished: Thread Group 1-46
2026-04-16 17:53:53,260 INFO o.a.j.t.JMeterThread: Thread started: Thread Group 1-51
2026-04-16 17:53:53,859 INFO o.a.j.t.JMeterThread: Thread started: Thread Group 1-52
2026-04-16 17:53:53,880 INFO o.a.j.t.JMeterThread: Thread is done: Thread Group 1-47
2026-04-16 17:53:53,880 INFO o.a.j.t.JMeterThread: Thread finished: Thread Group 1-47
2026-04-16 17:53:54,460 INFO o.a.j.t.JMeterThread: Thread started: Thread Group 1-53
2026-04-16 17:53:54,505 INFO o.a.j.t.JMeterThread: Thread is done: Thread Group 1-48
2026-04-16 17:53:54,505 INFO o.a.j.t.JMeterThread: Thread finished: Thread Group 1-48
2026-04-16 17:53:55,058 INFO o.a.j.t.JMeterThread: Thread started: Thread Group 1-54
2026-04-16 17:53:55,212 INFO o.a.j.t.JMeterThread: Thread is done: Thread Group 1-49
2026-04-16 17:53:55,213 INFO o.a.j.t.JMeterThread: Thread finished: Thread Group 1-49
2026-04-16 17:53:55,659 INFO o.a.j.t.JMeterThread: Thread started: Thread Group 1-55
2026-04-16 17:53:55,715 INFO o.a.j.t.JMeterThread: Thread is done: Thread Group 1-50
2026-04-16 17:53:55,715 INFO o.a.j.t.JMeterThread: Thread finished: Thread Group 1-50
2026-04-16 17:53:56,262 INFO o.a.j.t.JMeterThread: Thread started: Thread Group 1-56
2026-04-16 17:53:56,824 INFO o.a.j.t.JMeterThread: Thread is done: Thread Group 1-51
2026-04-16 17:53:56,824 INFO o.a.j.t.JMeterThread: Thread finished: Thread Group 1-51
2026-04-16 17:53:56,860 INFO o.a.j.t.JMeterThread: Thread started: Thread Group 1-57
2026-04-16 17:53:57,460 INFO o.a.j.t.JMeterThread: Thread started: Thread Group 1-58
2026-04-16 17:53:57,898 INFO o.a.j.t.JMeterThread: Thread is done: Thread Group 1-54
2026-04-16 17:53:57,898 INFO o.a.j.t.JMeterThread: Thread finished: Thread Group 1-54
2026-04-16 17:53:58,059 INFO o.a.j.t.JMeterThread: Thread started: Thread Group 1-59
2026-04-16 17:53:58,170 INFO o.a.j.t.JMeterThread: Thread is done: Thread Group 1-55
2026-04-16 17:53:58,170 INFO o.a.j.t.JMeterThread: Thread finished: Thread Group 1-55
2026-04-16 17:53:58,658 INFO o.a.j.t.JMeterThread: Thread started: Thread Group 1-60
2026-04-16 17:53:58,890 INFO o.a.j.t.JMeterThread: Thread is done: Thread Group 1-52
2026-04-16 17:53:58,890 INFO o.a.j.t.JMeterThread: Thread finished: Thread Group 1-52
2026-04-16 17:53:59,259 INFO o.a.j.t.JMeterThread: Thread started: Thread Group 1-61
2026-04-16 17:53:59,335 INFO o.a.j.t.JMeterThread: Thread is done: Thread Group 1-53
2026-04-16 17:53:59,335 INFO o.a.j.t.JMeterThread: Thread finished: Thread Group 1-53
2026-04-16 17:53:59,474 INFO o.a.j.t.JMeterThread: Thread is done: Thread Group 1-56
2026-04-16 17:53:59,474 INFO o.a.j.t.JMeterThread: Thread finished: Thread Group 1-56
2026-04-16 17:53:59,593 INFO o.a.j.t.JMeterThread: Thread is done: Thread Group 1-57
2026-04-16 17:53:59,593 INFO o.a.j.t.JMeterThread: Thread finished: Thread Group 1-57
2026-04-16 17:53:59,858 INFO o.a.j.t.JMeterThread: Thread started: Thread Group 1-62
2026-04-16 17:54:00,331 INFO o.a.j.t.JMeterThread: Thread is done: Thread Group 1-58
2026-04-16 17:54:00,331 INFO o.a.j.t.JMeterThread: Thread finished: Thread Group 1-58
2026-04-16 17:54:00,459 INFO o.a.j.t.JMeterThread: Thread started: Thread Group 1-63
2026-04-16 17:54:00,844 INFO o.a.j.t.JMeterThread: Thread is done: Thread Group 1-59
2026-04-16 17:54:00,844 INFO o.a.j.t.JMeterThread: Thread finished: Thread Group 1-59
2026-04-16 17:54:01,059 INFO o.a.j.t.JMeterThread: Thread started: Thread Group 1-64
2026-04-16 17:54:01,659 INFO o.a.j.t.JMeterThread: Thread started: Thread Group 1-65
2026-04-16 17:54:01,814 INFO o.a.j.t.JMeterThread: Thread is done: Thread Group 1-60
2026-04-16 17:54:01,814 INFO o.a.j.t.JMeterThread: Thread finished: Thread Group 1-60
2026-04-16 17:54:02,259 INFO o.a.j.t.JMeterThread: Thread started: Thread Group 1-66
2026-04-16 17:54:02,422 INFO o.a.j.t.JMeterThread: Thread is done: Thread Group 1-61
2026-04-16 17:54:02,422 INFO o.a.j.t.JMeterThread: Thread finished: Thread Group 1-61
2026-04-16 17:54:02,859 INFO o.a.j.t.JMeterThread: Thread started: Thread Group 1-67
2026-04-16 17:54:03,142 INFO o.a.j.t.JMeterThread: Thread is done: Thread Group 1-62
2026-04-16 17:54:03,142 INFO o.a.j.t.JMeterThread: Thread finished: Thread Group 1-62
2026-04-16 17:54:03,459 INFO o.a.j.t.JMeterThread: Thread started: Thread Group 1-68
2026-04-16 17:54:04,059 INFO o.a.j.t.JMeterThread: Thread started: Thread Group 1-69
2026-04-16 17:54:04,659 INFO o.a.j.t.JMeterThread: Thread started: Thread Group 1-70
2026-04-16 17:54:04,785 INFO o.a.j.t.JMeterThread: Thread is done: Thread Group 1-65
2026-04-16 17:54:04,785 INFO o.a.j.t.JMeterThread: Thread finished: Thread Group 1-65
2026-04-16 17:54:05,259 INFO o.a.j.t.JMeterThread: Thread started: Thread Group 1-71
2026-04-16 17:54:05,538 INFO o.a.j.t.JMeterThread: Thread is done: Thread Group 1-67
2026-04-16 17:54:05,538 INFO o.a.j.t.JMeterThread: Thread finished: Thread Group 1-67
2026-04-16 17:54:05,860 INFO o.a.j.t.JMeterThread: Thread started: Thread Group 1-72
2026-04-16 17:54:06,215 INFO o.a.j.t.JMeterThread: Thread is done: Thread Group 1-68
2026-04-16 17:54:06,215 INFO o.a.j.t.JMeterThread: Thread finished: Thread Group 1-68
2026-04-16 17:54:06,467 INFO o.a.j.t.JMeterThread: Thread started: Thread Group 1-73
2026-04-16 17:54:06,772 INFO o.a.j.t.JMeterThread: Thread is done: Thread Group 1-63
2026-04-16 17:54:06,772 INFO o.a.j.t.JMeterThread: Thread finished: Thread Group 1-63
2026-04-16 17:54:07,059 INFO o.a.j.t.JMeterThread: Thread started: Thread Group 1-74
2026-04-16 17:54:07,080 INFO o.a.j.t.JMeterThread: Thread is done: Thread Group 1-69
2026-04-16 17:54:07,080 INFO o.a.j.t.JMeterThread: Thread finished: Thread Group 1-69
2026-04-16 17:54:07,658 INFO o.a.j.t.JMeterThread: Thread started: Thread Group 1-75
2026-04-16 17:54:07,729 INFO o.a.j.t.JMeterThread: Thread is done: Thread Group 1-70
2026-04-16 17:54:07,729 INFO o.a.j.t.JMeterThread: Thread finished: Thread Group 1-70
2026-04-16 17:54:08,222 INFO o.a.j.t.JMeterThread: Thread is done: Thread Group 1-66
2026-04-16 17:54:08,222 INFO o.a.j.t.JMeterThread: Thread finished: Thread Group 1-66
2026-04-16 17:54:08,259 INFO o.a.j.t.JMeterThread: Thread started: Thread Group 1-76
2026-04-16 17:54:08,350 INFO o.a.j.t.JMeterThread: Thread is done: Thread Group 1-71
2026-04-16 17:54:08,350 INFO o.a.j.t.JMeterThread: Thread finished: Thread Group 1-71
2026-04-16 17:54:08,375 INFO o.a.j.t.JMeterThread: Thread is done: Thread Group 1-64
2026-04-16 17:54:08,375 INFO o.a.j.t.JMeterThread: Thread finished: Thread Group 1-64
2026-04-16 17:54:08,860 INFO o.a.j.t.JMeterThread: Thread started: Thread Group 1-77
2026-04-16 17:54:09,182 INFO o.a.j.t.JMeterThread: Thread is done: Thread Group 1-72
2026-04-16 17:54:09,182 INFO o.a.j.t.JMeterThread: Thread finished: Thread Group 1-72
2026-04-16 17:54:09,459 INFO o.a.j.t.JMeterThread: Thread started: Thread Group 1-78
2026-04-16 17:54:09,792 INFO o.a.j.t.JMeterThread: Thread is done: Thread Group 1-74
2026-04-16 17:54:09,792 INFO o.a.j.t.JMeterThread: Thread finished: Thread Group 1-74
2026-04-16 17:54:10,059 INFO o.a.j.t.JMeterThread: Thread started: Thread Group 1-79
2026-04-16 17:54:10,614 INFO o.a.j.t.JMeterThread: Thread is done: Thread Group 1-75
2026-04-16 17:54:10,614 INFO o.a.j.t.JMeterThread: Thread finished: Thread Group 1-75
2026-04-16 17:54:10,659 INFO o.a.j.t.JMeterThread: Thread started: Thread Group 1-80
2026-04-16 17:54:11,259 INFO o.a.j.t.JMeterThread: Thread started: Thread Group 1-81
2026-04-16 17:54:11,344 INFO o.a.j.t.JMeterThread: Thread is done: Thread Group 1-73
2026-04-16 17:54:11,344 INFO o.a.j.t.JMeterThread: Thread finished: Thread Group 1-73
2026-04-16 17:54:11,494 INFO o.a.j.t.JMeterThread: Thread is done: Thread Group 1-76
2026-04-16 17:54:11,494 INFO o.a.j.t.JMeterThread: Thread finished: Thread Group 1-76
2026-04-16 17:54:11,860 INFO o.a.j.t.JMeterThread: Thread started: Thread Group 1-82
2026-04-16 17:54:11,989 INFO o.a.j.t.JMeterThread: Thread is done: Thread Group 1-77
2026-04-16 17:54:11,989 INFO o.a.j.t.JMeterThread: Thread finished: Thread Group 1-77
2026-04-16 17:54:12,371 INFO o.a.j.t.JMeterThread: Thread is done: Thread Group 1-78
2026-04-16 17:54:12,371 INFO o.a.j.t.JMeterThread: Thread finished: Thread Group 1-78
2026-04-16 17:54:12,460 INFO o.a.j.t.JMeterThread: Thread started: Thread Group 1-83
2026-04-16 17:54:12,909 INFO o.a.j.t.JMeterThread: Thread is done: Thread Group 1-79
2026-04-16 17:54:12,909 INFO o.a.j.t.JMeterThread: Thread finished: Thread Group 1-79
2026-04-16 17:54:13,058 INFO o.a.j.t.JMeterThread: Thread started: Thread Group 1-84
2026-04-16 17:54:13,520 INFO o.a.j.t.JMeterThread: Thread is done: Thread Group 1-80
2026-04-16 17:54:13,520 INFO o.a.j.t.JMeterThread: Thread finished: Thread Group 1-80
2026-04-16 17:54:13,660 INFO o.a.j.t.JMeterThread: Thread started: Thread Group 1-85
2026-04-16 17:54:14,196 INFO o.a.j.t.JMeterThread: Thread is done: Thread Group 1-81
2026-04-16 17:54:14,196 INFO o.a.j.t.JMeterThread: Thread finished: Thread Group 1-81
2026-04-16 17:54:14,259 INFO o.a.j.t.JMeterThread: Thread started: Thread Group 1-86
2026-04-16 17:54:14,860 INFO o.a.j.t.JMeterThread: Thread started: Thread Group 1-87
2026-04-16 17:54:15,207 INFO o.a.j.t.JMeterThread: Thread is done: Thread Group 1-83
2026-04-16 17:54:15,207 INFO o.a.j.t.JMeterThread: Thread finished: Thread Group 1-83
2026-04-16 17:54:15,466 INFO o.a.j.t.JMeterThread: Thread started: Thread Group 1-88
2026-04-16 17:54:15,547 INFO o.a.j.t.JMeterThread: Thread is done: Thread Group 1-82
2026-04-16 17:54:15,547 INFO o.a.j.t.JMeterThread: Thread finished: Thread Group 1-82
2026-04-16 17:54:15,848 INFO o.a.j.t.JMeterThread: Thread is done: Thread Group 1-84
2026-04-16 17:54:15,848 INFO o.a.j.t.JMeterThread: Thread finished: Thread Group 1-84
2026-04-16 17:54:16,059 INFO o.a.j.t.JMeterThread: Thread started: Thread Group 1-89
2026-04-16 17:54:16,661 INFO o.a.j.t.JMeterThread: Thread started: Thread Group 1-90
2026-04-16 17:54:17,106 INFO o.a.j.t.JMeterThread: Thread is done: Thread Group 1-85
2026-04-16 17:54:17,106 INFO o.a.j.t.JMeterThread: Thread finished: Thread Group 1-85
2026-04-16 17:54:17,270 INFO o.a.j.t.JMeterThread: Thread started: Thread Group 1-91
2026-04-16 17:54:17,704 INFO o.a.j.t.JMeterThread: Thread is done: Thread Group 1-87
2026-04-16 17:54:17,705 INFO o.a.j.t.JMeterThread: Thread finished: Thread Group 1-87
2026-04-16 17:54:17,860 INFO o.a.j.t.JMeterThread: Thread started: Thread Group 1-92
2026-04-16 17:54:18,461 INFO o.a.j.t.JMeterThread: Thread started: Thread Group 1-93
2026-04-16 17:54:18,658 INFO o.a.j.t.JMeterThread: Thread is done: Thread Group 1-88
2026-04-16 17:54:18,658 INFO o.a.j.t.JMeterThread: Thread finished: Thread Group 1-88
2026-04-16 17:54:18,869 INFO o.a.j.t.JMeterThread: Thread is done: Thread Group 1-89
2026-04-16 17:54:18,869 INFO o.a.j.t.JMeterThread: Thread finished: Thread Group 1-89
2026-04-16 17:54:19,060 INFO o.a.j.t.JMeterThread: Thread started: Thread Group 1-94
2026-04-16 17:54:19,386 INFO o.a.j.t.JMeterThread: Thread is done: Thread Group 1-86
2026-04-16 17:54:19,387 INFO o.a.j.t.JMeterThread: Thread finished: Thread Group 1-86
2026-04-16 17:54:19,668 INFO o.a.j.t.JMeterThread: Thread started: Thread Group 1-95
2026-04-16 17:54:20,133 INFO o.a.j.t.JMeterThread: Thread is done: Thread Group 1-91
2026-04-16 17:54:20,133 INFO o.a.j.t.JMeterThread: Thread finished: Thread Group 1-91
2026-04-16 17:54:20,170 INFO o.a.j.t.JMeterThread: Thread is done: Thread Group 1-90
2026-04-16 17:54:20,170 INFO o.a.j.t.JMeterThread: Thread finished: Thread Group 1-90
2026-04-16 17:54:20,260 INFO o.a.j.t.JMeterThread: Thread started: Thread Group 1-96
2026-04-16 17:54:20,729 INFO o.a.j.t.JMeterThread: Thread is done: Thread Group 1-92
2026-04-16 17:54:20,730 INFO o.a.j.t.JMeterThread: Thread finished: Thread Group 1-92
2026-04-16 17:54:20,860 INFO o.a.j.t.JMeterThread: Thread started: Thread Group 1-97
2026-04-16 17:54:21,365 INFO o.a.j.t.JMeterThread: Thread is done: Thread Group 1-93
2026-04-16 17:54:21,365 INFO o.a.j.t.JMeterThread: Thread finished: Thread Group 1-93
2026-04-16 17:54:21,459 INFO o.a.j.t.JMeterThread: Thread started: Thread Group 1-98
2026-04-16 17:54:21,671 INFO o.a.j.t.JMeterThread: Thread is done: Thread Group 1-94
2026-04-16 17:54:21,671 INFO o.a.j.t.JMeterThread: Thread finished: Thread Group 1-94
2026-04-16 17:54:22,059 INFO o.a.j.t.JMeterThread: Thread started: Thread Group 1-99
2026-04-16 17:54:22,660 INFO o.a.j.t.JMeterThread: Thread started: Thread Group 1-100
2026-04-16 17:54:23,490 INFO o.a.j.t.JMeterThread: Thread is done: Thread Group 1-96
2026-04-16 17:54:23,490 INFO o.a.j.t.JMeterThread: Thread finished: Thread Group 1-96
2026-04-16 17:54:24,011 INFO o.a.j.t.JMeterThread: Thread is done: Thread Group 1-98
2026-04-16 17:54:24,011 INFO o.a.j.t.JMeterThread: Thread finished: Thread Group 1-98
2026-04-16 17:54:24,189 INFO o.a.j.t.JMeterThread: Thread is done: Thread Group 1-97
2026-04-16 17:54:24,189 INFO o.a.j.t.JMeterThread: Thread finished: Thread Group 1-97
2026-04-16 17:54:24,416 INFO o.a.j.t.JMeterThread: Thread is done: Thread Group 1-95
2026-04-16 17:54:24,416 INFO o.a.j.t.JMeterThread: Thread finished: Thread Group 1-95
2026-04-16 17:54:25,465 INFO o.a.j.t.JMeterThread: Thread is done: Thread Group 1-99
2026-04-16 17:54:25,465 INFO o.a.j.t.JMeterThread: Thread finished: Thread Group 1-99
2026-04-16 17:54:27,003 INFO o.a.j.t.JMeterThread: Thread is done: Thread Group 1-100
2026-04-16 17:54:27,003 INFO o.a.j.t.JMeterThread: Thread finished: Thread Group 1-100
2026-04-16 17:54:27,003 INFO o.a.j.e.StandardJMeterEngine: Notifying test listeners of end of test
2026-04-16 17:54:27,003 INFO o.a.j.s.FileServer: Close: C:\Users\Fardin Faruk\Desktop\users.csv
2026-04-16 17:54:27,008 INFO o.a.j.g.u.JMeterMenuBar: setRunning(false, *local*)
2026-04-16 17:58:54,424 INFO o.a.j.e.StandardJMeterEngine: Running the test!
2026-04-16 17:58:54,425 INFO o.a.j.s.SampleEvent: List of sample_variables: []
2026-04-16 17:58:54,427 INFO o.a.j.g.u.JMeterMenuBar: setRunning(true, *local*)
2026-04-16 17:58:54,490 INFO o.a.j.e.StandardJMeterEngine: Starting ThreadGroup: 1 : Thread Group
2026-04-16 17:58:54,490 INFO o.a.j.e.StandardJMeterEngine: Starting 100 threads for group Thread Group.
2026-04-16 17:58:54,490 INFO o.a.j.e.StandardJMeterEngine: Thread will continue on error
2026-04-16 17:58:54,490 INFO o.a.j.t.ThreadGroup: Starting thread group... number=1 threads=100 ramp-up=60 delayedStart=false
2026-04-16 17:58:54,493 INFO o.a.j.t.JMeterThread: Thread started: Thread Group 1-1
2026-04-16 17:58:54,494 INFO o.a.j.s.FileServer: Stored: C:\Users\Fardin Faruk\Desktop\users.csv
2026-04-16 17:58:54,565 INFO o.a.j.t.ThreadGroup: Started thread group number 1
2026-04-16 17:58:54,566 INFO o.a.j.e.StandardJMeterEngine: All thread groups have been started
2026-04-16 17:58:55,094 INFO o.a.j.t.JMeterThread: Thread started: Thread Group 1-2
2026-04-16 17:58:55,698 INFO o.a.j.t.JMeterThread: Thread started: Thread Group 1-3
2026-04-16 17:58:56,296 INFO o.a.j.t.JMeterThread: Thread started: Thread Group 1-4
2026-04-16 17:58:56,400 INFO o.a.j.t.JMeterThread: Thread is done: Thread Group 1-1
2026-04-16 17:58:56,400 INFO o.a.j.t.JMeterThread: Thread finished: Thread Group 1-1
2026-04-16 17:58:56,776 INFO o.a.j.t.JMeterThread: Thread is done: Thread Group 1-2
2026-04-16 17:58:56,776 INFO o.a.j.t.JMeterThread: Thread finished: Thread Group 1-2
2026-04-16 17:58:56,897 INFO o.a.j.t.JMeterThread: Thread started: Thread Group 1-5
2026-04-16 17:58:57,498 INFO o.a.j.t.JMeterThread: Thread started: Thread Group 1-6
2026-04-16 17:58:57,519 INFO o.a.j.t.JMeterThread: Thread is done: Thread Group 1-3
2026-04-16 17:58:57,520 INFO o.a.j.t.JMeterThread: Thread finished: Thread Group 1-3
2026-04-16 17:58:58,095 INFO o.a.j.t.JMeterThread: Thread started: Thread Group 1-7
2026-04-16 17:58:58,268 INFO o.a.j.t.JMeterThread: Thread is done: Thread Group 1-4
2026-04-16 17:58:58,268 INFO o.a.j.t.JMeterThread: Thread finished: Thread Group 1-4
2026-04-16 17:58:58,696 INFO o.a.j.t.JMeterThread: Thread started: Thread Group 1-8
2026-04-16 17:58:58,871 INFO o.a.j.t.JMeterThread: Thread is done: Thread Group 1-5
2026-04-16 17:58:58,871 INFO o.a.j.t.JMeterThread: Thread finished: Thread Group 1-5
2026-04-16 17:58:59,292 INFO o.a.j.t.JMeterThread: Thread is done: Thread Group 1-6
2026-04-16 17:58:59,292 INFO o.a.j.t.JMeterThread: Thread finished: Thread Group 1-6
2026-04-16 17:58:59,295 INFO o.a.j.t.JMeterThread: Thread started: Thread Group 1-9
2026-04-16 17:58:59,875 INFO o.a.j.t.JMeterThread: Thread is done: Thread Group 1-7
2026-04-16 17:58:59,875 INFO o.a.j.t.JMeterThread: Thread finished: Thread Group 1-7
2026-04-16 17:58:59,896 INFO o.a.j.t.JMeterThread: Thread started: Thread Group 1-10
2026-04-16 17:59:00,495 INFO o.a.j.t.JMeterThread: Thread started: Thread Group 1-11
2026-04-16 17:59:00,498 INFO o.a.j.t.JMeterThread: Thread is done: Thread Group 1-8
2026-04-16 17:59:00,498 INFO o.a.j.t.JMeterThread: Thread finished: Thread Group 1-8
2026-04-16 17:59:01,094 INFO o.a.j.t.JMeterThread: Thread started: Thread Group 1-12
2026-04-16 17:59:01,175 INFO o.a.j.t.JMeterThread: Thread is done: Thread Group 1-9
2026-04-16 17:59:01,175 INFO o.a.j.t.JMeterThread: Thread finished: Thread Group 1-9
2026-04-16 17:59:01,694 INFO o.a.j.t.JMeterThread: Thread started: Thread Group 1-13
2026-04-16 17:59:02,003 INFO o.a.j.t.JMeterThread: Thread is done: Thread Group 1-10
2026-04-16 17:59:02,003 INFO o.a.j.t.JMeterThread: Thread finished: Thread Group 1-10
2026-04-16 17:59:02,293 INFO o.a.j.t.JMeterThread: Thread started: Thread Group 1-14
2026-04-16 17:59:02,662 INFO o.a.j.t.JMeterThread: Thread is done: Thread Group 1-11
2026-04-16 17:59:02,662 INFO o.a.j.t.JMeterThread: Thread finished: Thread Group 1-11
2026-04-16 17:59:02,893 INFO o.a.j.t.JMeterThread: Thread started: Thread Group 1-15
2026-04-16 17:59:03,288 INFO o.a.j.t.JMeterThread: Thread is done: Thread Group 1-12
2026-04-16 17:59:03,288 INFO o.a.j.t.JMeterThread: Thread finished: Thread Group 1-12
2026-04-16 17:59:03,492 INFO o.a.j.t.JMeterThread: Thread started: Thread Group 1-16
2026-04-16 17:59:03,714 INFO o.a.j.t.JMeterThread: Thread is done: Thread Group 1-13
2026-04-16 17:59:03,715 INFO o.a.j.t.JMeterThread: Thread finished: Thread Group 1-13
2026-04-16 17:59:04,094 INFO o.a.j.t.JMeterThread: Thread started: Thread Group 1-17
2026-04-16 17:59:04,199 INFO o.a.j.t.JMeterThread: Thread is done: Thread Group 1-14
2026-04-16 17:59:04,199 INFO o.a.j.t.JMeterThread: Thread finished: Thread Group 1-14
2026-04-16 17:59:04,693 INFO o.a.j.t.JMeterThread: Thread started: Thread Group 1-18
2026-04-16 17:59:04,785 INFO o.a.j.t.JMeterThread: Thread is done: Thread Group 1-15
2026-04-16 17:59:04,785 INFO o.a.j.t.JMeterThread: Thread finished: Thread Group 1-15
2026-04-16 17:59:05,293 INFO o.a.j.t.JMeterThread: Thread started: Thread Group 1-19
2026-04-16 17:59:05,342 INFO o.a.j.t.JMeterThread: Thread is done: Thread Group 1-16
2026-04-16 17:59:05,342 INFO o.a.j.t.JMeterThread: Thread finished: Thread Group 1-16
2026-04-16 17:59:05,882 INFO o.a.j.t.JMeterThread: Thread is done: Thread Group 1-17
2026-04-16 17:59:05,882 INFO o.a.j.t.JMeterThread: Thread finished: Thread Group 1-17
2026-04-16 17:59:05,892 INFO o.a.j.t.JMeterThread: Thread started: Thread Group 1-20
2026-04-16 17:59:06,494 INFO o.a.j.t.JMeterThread: Thread started: Thread Group 1-21
2026-04-16 17:59:06,764 INFO o.a.j.t.JMeterThread: Thread is done: Thread Group 1-18
2026-04-16 17:59:06,764 INFO o.a.j.t.JMeterThread: Thread finished: Thread Group 1-18
2026-04-16 17:59:07,092 INFO o.a.j.t.JMeterThread: Thread started: Thread Group 1-22
2026-04-16 17:59:07,372 INFO o.a.j.t.JMeterThread: Thread is done: Thread Group 1-19
2026-04-16 17:59:07,372 INFO o.a.j.t.JMeterThread: Thread finished: Thread Group 1-19
2026-04-16 17:59:07,694 INFO o.a.j.t.JMeterThread: Thread started: Thread Group 1-23
2026-04-16 17:59:07,783 INFO o.a.j.t.JMeterThread: Thread is done: Thread Group 1-20
2026-04-16 17:59:07,783 INFO o.a.j.t.JMeterThread: Thread finished: Thread Group 1-20
2026-04-16 17:59:08,294 INFO o.a.j.t.JMeterThread: Thread started: Thread Group 1-24
2026-04-16 17:59:08,527 INFO o.a.j.t.JMeterThread: Thread is done: Thread Group 1-21
2026-04-16 17:59:08,527 INFO o.a.j.t.JMeterThread: Thread finished: Thread Group 1-21
2026-04-16 17:59:08,882 INFO o.a.j.t.JMeterThread: Thread is done: Thread Group 1-22
2026-04-16 17:59:08,882 INFO o.a.j.t.JMeterThread: Thread finished: Thread Group 1-22
2026-04-16 17:59:08,895 INFO o.a.j.t.JMeterThread: Thread started: Thread Group 1-25
2026-04-16 17:59:09,424 INFO o.a.j.t.JMeterThread: Thread is done: Thread Group 1-23
2026-04-16 17:59:09,424 INFO o.a.j.t.JMeterThread: Thread finished: Thread Group 1-23
2026-04-16 17:59:09,495 INFO o.a.j.t.JMeterThread: Thread started: Thread Group 1-26
2026-04-16 17:59:10,094 INFO o.a.j.t.JMeterThread: Thread started: Thread Group 1-27
2026-04-16 17:59:10,103 INFO o.a.j.t.JMeterThread: Thread is done: Thread Group 1-24
2026-04-16 17:59:10,103 INFO o.a.j.t.JMeterThread: Thread finished: Thread Group 1-24
2026-04-16 17:59:10,695 INFO o.a.j.t.JMeterThread: Thread started: Thread Group 1-28
2026-04-16 17:59:10,728 INFO o.a.j.t.JMeterThread: Thread is done: Thread Group 1-25
2026-04-16 17:59:10,728 INFO o.a.j.t.JMeterThread: Thread finished: Thread Group 1-25
2026-04-16 17:59:11,295 INFO o.a.j.t.JMeterThread: Thread started: Thread Group 1-29
2026-04-16 17:59:11,334 INFO o.a.j.t.JMeterThread: Thread is done: Thread Group 1-26
2026-04-16 17:59:11,334 INFO o.a.j.t.JMeterThread: Thread finished: Thread Group 1-26
2026-04-16 17:59:11,896 INFO o.a.j.t.JMeterThread: Thread started: Thread Group 1-30
2026-04-16 17:59:11,957 INFO o.a.j.t.JMeterThread: Thread is done: Thread Group 1-27
2026-04-16 17:59:11,957 INFO o.a.j.t.JMeterThread: Thread finished: Thread Group 1-27
2026-04-16 17:59:12,465 INFO o.a.j.t.JMeterThread: Thread is done: Thread Group 1-28
2026-04-16 17:59:12,465 INFO o.a.j.t.JMeterThread: Thread finished: Thread Group 1-28
2026-04-16 17:59:12,494 INFO o.a.j.t.JMeterThread: Thread started: Thread Group 1-31
2026-04-16 17:59:13,092 INFO o.a.j.t.JMeterThread: Thread started: Thread Group 1-32
2026-04-16 17:59:13,152 INFO o.a.j.t.JMeterThread: Thread is done: Thread Group 1-29
2026-04-16 17:59:13,155 INFO o.a.j.t.JMeterThread: Thread finished: Thread Group 1-29
2026-04-16 17:59:13,655 INFO o.a.j.t.JMeterThread: Thread is done: Thread Group 1-30
2026-04-16 17:59:13,655 INFO o.a.j.t.JMeterThread: Thread finished: Thread Group 1-30
2026-04-16 17:59:13,692 INFO o.a.j.t.JMeterThread: Thread started: Thread Group 1-33
2026-04-16 17:59:14,293 INFO o.a.j.t.JMeterThread: Thread started: Thread Group 1-34
2026-04-16 17:59:14,311 INFO o.a.j.t.JMeterThread: Thread is done: Thread Group 1-31
2026-04-16 17:59:14,311 INFO o.a.j.t.JMeterThread: Thread finished: Thread Group 1-31
2026-04-16 17:59:14,866 INFO o.a.j.t.JMeterThread: Thread is done: Thread Group 1-32
2026-04-16 17:59:14,866 INFO o.a.j.t.JMeterThread: Thread finished: Thread Group 1-32
2026-04-16 17:59:14,894 INFO o.a.j.t.JMeterThread: Thread started: Thread Group 1-35
2026-04-16 17:59:15,492 INFO o.a.j.t.JMeterThread: Thread started: Thread Group 1-36
2026-04-16 17:59:15,510 INFO o.a.j.t.JMeterThread: Thread is done: Thread Group 1-33
2026-04-16 17:59:15,510 INFO o.a.j.t.JMeterThread: Thread finished: Thread Group 1-33
2026-04-16 17:59:16,059 INFO o.a.j.t.JMeterThread: Thread is done: Thread Group 1-34
2026-04-16 17:59:16,059 INFO o.a.j.t.JMeterThread: Thread finished: Thread Group 1-34
2026-04-16 17:59:16,092 INFO o.a.j.t.JMeterThread: Thread started: Thread Group 1-37
2026-04-16 17:59:16,674 INFO o.a.j.t.JMeterThread: Thread is done: Thread Group 1-35
2026-04-16 17:59:16,674 INFO o.a.j.t.JMeterThread: Thread finished: Thread Group 1-35
2026-04-16 17:59:16,692 INFO o.a.j.t.JMeterThread: Thread started: Thread Group 1-38
2026-04-16 17:59:17,212 INFO o.a.j.t.JMeterThread: Thread is done: Thread Group 1-36
2026-04-16 17:59:17,212 INFO o.a.j.t.JMeterThread: Thread finished: Thread Group 1-36
2026-04-16 17:59:17,294 INFO o.a.j.t.JMeterThread: Thread started: Thread Group 1-39
2026-04-16 17:59:17,892 INFO o.a.j.t.JMeterThread: Thread started: Thread Group 1-40
2026-04-16 17:59:17,951 INFO o.a.j.t.JMeterThread: Thread is done: Thread Group 1-37
2026-04-16 17:59:17,951 INFO o.a.j.t.JMeterThread: Thread finished: Thread Group 1-37
2026-04-16 17:59:18,492 INFO o.a.j.t.JMeterThread: Thread started: Thread Group 1-41
2026-04-16 17:59:18,519 INFO o.a.j.t.JMeterThread: Thread is done: Thread Group 1-38
2026-04-16 17:59:18,519 INFO o.a.j.t.JMeterThread: Thread finished: Thread Group 1-38
2026-04-16 17:59:19,078 INFO o.a.j.t.JMeterThread: Thread is done: Thread Group 1-39
2026-04-16 17:59:19,078 INFO o.a.j.t.JMeterThread: Thread finished: Thread Group 1-39
2026-04-16 17:59:19,107 INFO o.a.j.t.JMeterThread: Thread started: Thread Group 1-42
2026-04-16 17:59:19,692 INFO o.a.j.t.JMeterThread: Thread is done: Thread Group 1-40
2026-04-16 17:59:19,692 INFO o.a.j.t.JMeterThread: Thread finished: Thread Group 1-40
2026-04-16 17:59:19,693 INFO o.a.j.t.JMeterThread: Thread started: Thread Group 1-43
2026-04-16 17:59:20,242 INFO o.a.j.t.JMeterThread: Thread is done: Thread Group 1-41
2026-04-16 17:59:20,242 INFO o.a.j.t.JMeterThread: Thread finished: Thread Group 1-41
2026-04-16 17:59:20,294 INFO o.a.j.t.JMeterThread: Thread started: Thread Group 1-44
2026-04-16 17:59:20,892 INFO o.a.j.t.JMeterThread: Thread started: Thread Group 1-45
2026-04-16 17:59:20,897 INFO o.a.j.t.JMeterThread: Thread is done: Thread Group 1-42
2026-04-16 17:59:20,897 INFO o.a.j.t.JMeterThread: Thread finished: Thread Group 1-42
2026-04-16 17:59:21,494 INFO o.a.j.t.JMeterThread: Thread started: Thread Group 1-46
2026-04-16 17:59:21,590 INFO o.a.j.t.JMeterThread: Thread is done: Thread Group 1-43
2026-04-16 17:59:21,590 INFO o.a.j.t.JMeterThread: Thread finished: Thread Group 1-43
2026-04-16 17:59:22,095 INFO o.a.j.t.JMeterThread: Thread started: Thread Group 1-47
2026-04-16 17:59:22,118 INFO o.a.j.t.JMeterThread: Thread is done: Thread Group 1-44
2026-04-16 17:59:22,118 INFO o.a.j.t.JMeterThread: Thread finished: Thread Group 1-44
2026-04-16 17:59:22,693 INFO o.a.j.t.JMeterThread: Thread started: Thread Group 1-48
2026-04-16 17:59:22,755 INFO o.a.j.t.JMeterThread: Thread is done: Thread Group 1-45
2026-04-16 17:59:22,755 INFO o.a.j.t.JMeterThread: Thread finished: Thread Group 1-45
2026-04-16 17:59:23,294 INFO o.a.j.t.JMeterThread: Thread started: Thread Group 1-49
2026-04-16 17:59:23,326 INFO o.a.j.t.JMeterThread: Thread is done: Thread Group 1-46
2026-04-16 17:59:23,326 INFO o.a.j.t.JMeterThread: Thread finished: Thread Group 1-46
2026-04-16 17:59:23,892 INFO o.a.j.t.JMeterThread: Thread started: Thread Group 1-50
2026-04-16 17:59:23,936 INFO o.a.j.t.JMeterThread: Thread is done: Thread Group 1-47
2026-04-16 17:59:23,936 INFO o.a.j.t.JMeterThread: Thread finished: Thread Group 1-47
2026-04-16 17:59:24,492 INFO o.a.j.t.JMeterThread: Thread started: Thread Group 1-51
2026-04-16 17:59:24,531 INFO o.a.j.t.JMeterThread: Thread is done: Thread Group 1-48
2026-04-16 17:59:24,531 INFO o.a.j.t.JMeterThread: Thread finished: Thread Group 1-48
2026-04-16 17:59:25,092 INFO o.a.j.t.JMeterThread: Thread started: Thread Group 1-52
2026-04-16 17:59:25,132 INFO o.a.j.t.JMeterThread: Thread is done: Thread Group 1-49
2026-04-16 17:59:25,132 INFO o.a.j.t.JMeterThread: Thread finished: Thread Group 1-49
2026-04-16 17:59:25,693 INFO o.a.j.t.JMeterThread: Thread started: Thread Group 1-53
2026-04-16 17:59:25,710 INFO o.a.j.t.JMeterThread: Thread is done: Thread Group 1-50
2026-04-16 17:59:25,711 INFO o.a.j.t.JMeterThread: Thread finished: Thread Group 1-50
2026-04-16 17:59:26,294 INFO o.a.j.t.JMeterThread: Thread started: Thread Group 1-54
2026-04-16 17:59:26,376 INFO o.a.j.t.JMeterThread: Thread is done: Thread Group 1-51
2026-04-16 17:59:26,376 INFO o.a.j.t.JMeterThread: Thread finished: Thread Group 1-51
2026-04-16 17:59:26,878 INFO o.a.j.t.JMeterThread: Thread is done: Thread Group 1-52
2026-04-16 17:59:26,878 INFO o.a.j.t.JMeterThread: Thread finished: Thread Group 1-52
2026-04-16 17:59:26,893 INFO o.a.j.t.JMeterThread: Thread started: Thread Group 1-55
2026-04-16 17:59:27,481 INFO o.a.j.t.JMeterThread: Thread is done: Thread Group 1-53
2026-04-16 17:59:27,481 INFO o.a.j.t.JMeterThread: Thread finished: Thread Group 1-53
2026-04-16 17:59:27,503 INFO o.a.j.t.JMeterThread: Thread started: Thread Group 1-56
2026-04-16 17:59:28,028 INFO o.a.j.t.JMeterThread: Thread is done: Thread Group 1-54
2026-04-16 17:59:28,028 INFO o.a.j.t.JMeterThread: Thread finished: Thread Group 1-54
2026-04-16 17:59:28,092 INFO o.a.j.t.JMeterThread: Thread started: Thread Group 1-57
2026-04-16 17:59:28,692 INFO o.a.j.t.JMeterThread: Thread started: Thread Group 1-58
2026-04-16 17:59:28,696 INFO o.a.j.t.JMeterThread: Thread is done: Thread Group 1-55
2026-04-16 17:59:28,696 INFO o.a.j.t.JMeterThread: Thread finished: Thread Group 1-55
2026-04-16 17:59:29,294 INFO o.a.j.t.JMeterThread: Thread started: Thread Group 1-59
2026-04-16 17:59:29,302 INFO o.a.j.t.JMeterThread: Thread is done: Thread Group 1-56
2026-04-16 17:59:29,302 INFO o.a.j.t.JMeterThread: Thread finished: Thread Group 1-56
2026-04-16 17:59:29,838 INFO o.a.j.t.JMeterThread: Thread is done: Thread Group 1-57
2026-04-16 17:59:29,838 INFO o.a.j.t.JMeterThread: Thread finished: Thread Group 1-57
2026-04-16 17:59:29,894 INFO o.a.j.t.JMeterThread: Thread started: Thread Group 1-60
2026-04-16 17:59:30,489 INFO o.a.j.t.JMeterThread: Thread is done: Thread Group 1-58
2026-04-16 17:59:30,489 INFO o.a.j.t.JMeterThread: Thread finished: Thread Group 1-58
2026-04-16 17:59:30,492 INFO o.a.j.t.JMeterThread: Thread started: Thread Group 1-61
2026-04-16 17:59:31,091 INFO o.a.j.t.JMeterThread: Thread is done: Thread Group 1-59
2026-04-16 17:59:31,091 INFO o.a.j.t.JMeterThread: Thread finished: Thread Group 1-59
2026-04-16 17:59:31,094 INFO o.a.j.t.JMeterThread: Thread started: Thread Group 1-62
2026-04-16 17:59:31,667 INFO o.a.j.t.JMeterThread: Thread is done: Thread Group 1-60
2026-04-16 17:59:31,668 INFO o.a.j.t.JMeterThread: Thread finished: Thread Group 1-60
2026-04-16 17:59:31,692 INFO o.a.j.t.JMeterThread: Thread started: Thread Group 1-63
2026-04-16 17:59:32,292 INFO o.a.j.t.JMeterThread: Thread started: Thread Group 1-64
2026-04-16 17:59:32,307 INFO o.a.j.t.JMeterThread: Thread is done: Thread Group 1-61
2026-04-16 17:59:32,307 INFO o.a.j.t.JMeterThread: Thread finished: Thread Group 1-61
2026-04-16 17:59:32,864 INFO o.a.j.t.JMeterThread: Thread is done: Thread Group 1-62
2026-04-16 17:59:32,864 INFO o.a.j.t.JMeterThread: Thread finished: Thread Group 1-62
2026-04-16 17:59:32,909 INFO o.a.j.t.JMeterThread: Thread started: Thread Group 1-65
2026-04-16 17:59:33,492 INFO o.a.j.t.JMeterThread: Thread started: Thread Group 1-66
2026-04-16 17:59:33,591 INFO o.a.j.t.JMeterThread: Thread is done: Thread Group 1-63
2026-04-16 17:59:33,591 INFO o.a.j.t.JMeterThread: Thread finished: Thread Group 1-63
2026-04-16 17:59:34,092 INFO o.a.j.t.JMeterThread: Thread started: Thread Group 1-67
2026-04-16 17:59:34,098 INFO o.a.j.t.JMeterThread: Thread is done: Thread Group 1-64
2026-04-16 17:59:34,098 INFO o.a.j.t.JMeterThread: Thread finished: Thread Group 1-64
2026-04-16 17:59:34,650 INFO o.a.j.t.JMeterThread: Thread is done: Thread Group 1-65
2026-04-16 17:59:34,650 INFO o.a.j.t.JMeterThread: Thread finished: Thread Group 1-65
2026-04-16 17:59:34,693 INFO o.a.j.t.JMeterThread: Thread started: Thread Group 1-68
2026-04-16 17:59:35,294 INFO o.a.j.t.JMeterThread: Thread started: Thread Group 1-69
2026-04-16 17:59:35,356 INFO o.a.j.t.JMeterThread: Thread is done: Thread Group 1-66
2026-04-16 17:59:35,356 INFO o.a.j.t.JMeterThread: Thread finished: Thread Group 1-66
2026-04-16 17:59:35,835 INFO o.a.j.t.JMeterThread: Thread is done: Thread Group 1-67
2026-04-16 17:59:35,835 INFO o.a.j.t.JMeterThread: Thread finished: Thread Group 1-67
2026-04-16 17:59:35,893 INFO o.a.j.t.JMeterThread: Thread started: Thread Group 1-70
2026-04-16 17:59:36,493 INFO o.a.j.t.JMeterThread: Thread started: Thread Group 1-71
2026-04-16 17:59:36,498 INFO o.a.j.t.JMeterThread: Thread is done: Thread Group 1-68
2026-04-16 17:59:36,498 INFO o.a.j.t.JMeterThread: Thread finished: Thread Group 1-68
2026-04-16 17:59:37,017 INFO o.a.j.t.JMeterThread: Thread is done: Thread Group 1-69
2026-04-16 17:59:37,017 INFO o.a.j.t.JMeterThread: Thread finished: Thread Group 1-69
2026-04-16 17:59:37,094 INFO o.a.j.t.JMeterThread: Thread started: Thread Group 1-72
2026-04-16 17:59:37,694 INFO o.a.j.t.JMeterThread: Thread started: Thread Group 1-73
2026-04-16 17:59:37,989 INFO o.a.j.t.JMeterThread: Thread is done: Thread Group 1-70
2026-04-16 17:59:37,989 INFO o.a.j.t.JMeterThread: Thread finished: Thread Group 1-70
2026-04-16 17:59:38,239 INFO o.a.j.t.JMeterThread: Thread is done: Thread Group 1-71
2026-04-16 17:59:38,239 INFO o.a.j.t.JMeterThread: Thread finished: Thread Group 1-71
2026-04-16 17:59:38,294 INFO o.a.j.t.JMeterThread: Thread started: Thread Group 1-74
2026-04-16 17:59:38,894 INFO o.a.j.t.JMeterThread: Thread started: Thread Group 1-75
2026-04-16 17:59:38,957 INFO o.a.j.t.JMeterThread: Thread is done: Thread Group 1-72
2026-04-16 17:59:38,957 INFO o.a.j.t.JMeterThread: Thread finished: Thread Group 1-72
2026-04-16 17:59:39,494 INFO o.a.j.t.JMeterThread: Thread started: Thread Group 1-76
2026-04-16 17:59:39,512 INFO o.a.j.t.JMeterThread: Thread is done: Thread Group 1-73
2026-04-16 17:59:39,512 INFO o.a.j.t.JMeterThread: Thread finished: Thread Group 1-73
2026-04-16 17:59:40,094 INFO o.a.j.t.JMeterThread: Thread started: Thread Group 1-77
2026-04-16 17:59:40,106 INFO o.a.j.t.JMeterThread: Thread is done: Thread Group 1-74
2026-04-16 17:59:40,106 INFO o.a.j.t.JMeterThread: Thread finished: Thread Group 1-74
2026-04-16 17:59:40,457 INFO o.a.j.t.JMeterThread: Thread is done: Thread Group 1-75
2026-04-16 17:59:40,457 INFO o.a.j.t.JMeterThread: Thread finished: Thread Group 1-75
2026-04-16 17:59:40,693 INFO o.a.j.t.JMeterThread: Thread started: Thread Group 1-78
2026-04-16 17:59:41,251 INFO o.a.j.t.JMeterThread: Thread is done: Thread Group 1-76
2026-04-16 17:59:41,251 INFO o.a.j.t.JMeterThread: Thread finished: Thread Group 1-76
2026-04-16 17:59:41,294 INFO o.a.j.t.JMeterThread: Thread started: Thread Group 1-79
2026-04-16 17:59:41,888 INFO o.a.j.t.JMeterThread: Thread is done: Thread Group 1-77
2026-04-16 17:59:41,888 INFO o.a.j.t.JMeterThread: Thread finished: Thread Group 1-77
2026-04-16 17:59:41,893 INFO o.a.j.t.JMeterThread: Thread started: Thread Group 1-80
2026-04-16 17:59:42,494 INFO o.a.j.t.JMeterThread: Thread started: Thread Group 1-81
2026-04-16 17:59:42,526 INFO o.a.j.t.JMeterThread: Thread is done: Thread Group 1-78
2026-04-16 17:59:42,526 INFO o.a.j.t.JMeterThread: Thread finished: Thread Group 1-78
2026-04-16 17:59:43,092 INFO o.a.j.t.JMeterThread: Thread started: Thread Group 1-82
2026-04-16 17:59:43,127 INFO o.a.j.t.JMeterThread: Thread is done: Thread Group 1-79
2026-04-16 17:59:43,127 INFO o.a.j.t.JMeterThread: Thread finished: Thread Group 1-79
2026-04-16 17:59:43,693 INFO o.a.j.t.JMeterThread: Thread started: Thread Group 1-83
2026-04-16 17:59:43,698 INFO o.a.j.t.JMeterThread: Thread is done: Thread Group 1-80
2026-04-16 17:59:43,698 INFO o.a.j.t.JMeterThread: Thread finished: Thread Group 1-80
2026-04-16 17:59:44,279 INFO o.a.j.t.JMeterThread: Thread is done: Thread Group 1-81
2026-04-16 17:59:44,279 INFO o.a.j.t.JMeterThread: Thread finished: Thread Group 1-81
2026-04-16 17:59:44,296 INFO o.a.j.t.JMeterThread: Thread started: Thread Group 1-84
2026-04-16 17:59:44,865 INFO o.a.j.t.JMeterThread: Thread is done: Thread Group 1-82
2026-04-16 17:59:44,865 INFO o.a.j.t.JMeterThread: Thread finished: Thread Group 1-82
2026-04-16 17:59:44,894 INFO o.a.j.t.JMeterThread: Thread started: Thread Group 1-85
2026-04-16 17:59:45,493 INFO o.a.j.t.JMeterThread: Thread started: Thread Group 1-86
2026-04-16 17:59:45,578 INFO o.a.j.t.JMeterThread: Thread is done: Thread Group 1-83
2026-04-16 17:59:45,578 INFO o.a.j.t.JMeterThread: Thread finished: Thread Group 1-83
2026-04-16 17:59:46,077 INFO o.a.j.t.JMeterThread: Thread is done: Thread Group 1-84
2026-04-16 17:59:46,077 INFO o.a.j.t.JMeterThread: Thread finished: Thread Group 1-84
2026-04-16 17:59:46,094 INFO o.a.j.t.JMeterThread: Thread started: Thread Group 1-87
2026-04-16 17:59:46,694 INFO o.a.j.t.JMeterThread: Thread started: Thread Group 1-88
2026-04-16 17:59:46,772 INFO o.a.j.t.JMeterThread: Thread is done: Thread Group 1-85
2026-04-16 17:59:46,772 INFO o.a.j.t.JMeterThread: Thread finished: Thread Group 1-85
2026-04-16 17:59:47,217 INFO o.a.j.t.JMeterThread: Thread is done: Thread Group 1-86
2026-04-16 17:59:47,217 INFO o.a.j.t.JMeterThread: Thread finished: Thread Group 1-86
2026-04-16 17:59:47,293 INFO o.a.j.t.JMeterThread: Thread started: Thread Group 1-89
2026-04-16 17:59:47,892 INFO o.a.j.t.JMeterThread: Thread started: Thread Group 1-90
2026-04-16 17:59:47,893 INFO o.a.j.t.JMeterThread: Thread is done: Thread Group 1-87
2026-04-16 17:59:47,893 INFO o.a.j.t.JMeterThread: Thread finished: Thread Group 1-87
2026-04-16 17:59:48,467 INFO o.a.j.t.JMeterThread: Thread is done: Thread Group 1-88
2026-04-16 17:59:48,467 INFO o.a.j.t.JMeterThread: Thread finished: Thread Group 1-88
2026-04-16 17:59:48,493 INFO o.a.j.t.JMeterThread: Thread started: Thread Group 1-91
2026-04-16 17:59:49,093 INFO o.a.j.t.JMeterThread: Thread started: Thread Group 1-92
2026-04-16 17:59:49,115 INFO o.a.j.t.JMeterThread: Thread is done: Thread Group 1-89
2026-04-16 17:59:49,115 INFO o.a.j.t.JMeterThread: Thread finished: Thread Group 1-89
2026-04-16 17:59:49,692 INFO o.a.j.t.JMeterThread: Thread started: Thread Group 1-93
2026-04-16 17:59:49,719 INFO o.a.j.t.JMeterThread: Thread is done: Thread Group 1-90
2026-04-16 17:59:49,719 INFO o.a.j.t.JMeterThread: Thread finished: Thread Group 1-90
2026-04-16 17:59:50,292 INFO o.a.j.t.JMeterThread: Thread started: Thread Group 1-94
2026-04-16 17:59:50,313 INFO o.a.j.t.JMeterThread: Thread is done: Thread Group 1-91
2026-04-16 17:59:50,313 INFO o.a.j.t.JMeterThread: Thread finished: Thread Group 1-91
2026-04-16 17:59:50,877 INFO o.a.j.t.JMeterThread: Thread is done: Thread Group 1-92
2026-04-16 17:59:50,877 INFO o.a.j.t.JMeterThread: Thread finished: Thread Group 1-92
2026-04-16 17:59:50,892 INFO o.a.j.t.JMeterThread: Thread started: Thread Group 1-95
2026-04-16 17:59:51,493 INFO o.a.j.t.JMeterThread: Thread started: Thread Group 1-96
2026-04-16 17:59:51,562 INFO o.a.j.t.JMeterThread: Thread is done: Thread Group 1-93
2026-04-16 17:59:51,562 INFO o.a.j.t.JMeterThread: Thread finished: Thread Group 1-93
2026-04-16 17:59:52,062 INFO o.a.j.t.JMeterThread: Thread is done: Thread Group 1-94
2026-04-16 17:59:52,062 INFO o.a.j.t.JMeterThread: Thread finished: Thread Group 1-94
2026-04-16 17:59:52,092 INFO o.a.j.t.JMeterThread: Thread started: Thread Group 1-97
2026-04-16 17:59:52,692 INFO o.a.j.t.JMeterThread: Thread started: Thread Group 1-98
2026-04-16 17:59:52,791 INFO o.a.j.t.JMeterThread: Thread is done: Thread Group 1-95
2026-04-16 17:59:52,791 INFO o.a.j.t.JMeterThread: Thread finished: Thread Group 1-95
2026-04-16 17:59:53,293 INFO o.a.j.t.JMeterThread: Thread started: Thread Group 1-99
2026-04-16 17:59:53,321 INFO o.a.j.t.JMeterThread: Thread is done: Thread Group 1-96
2026-04-16 17:59:53,321 INFO o.a.j.t.JMeterThread: Thread finished: Thread Group 1-96
2026-04-16 17:59:53,883 INFO o.a.j.t.JMeterThread: Thread is done: Thread Group 1-97
2026-04-16 17:59:53,883 INFO o.a.j.t.JMeterThread: Thread finished: Thread Group 1-97
2026-04-16 17:59:53,898 INFO o.a.j.t.JMeterThread: Thread started: Thread Group 1-100
2026-04-16 17:59:54,572 INFO o.a.j.t.JMeterThread: Thread is done: Thread Group 1-98
2026-04-16 17:59:54,572 INFO o.a.j.t.JMeterThread: Thread finished: Thread Group 1-98
2026-04-16 17:59:55,040 INFO o.a.j.t.JMeterThread: Thread is done: Thread Group 1-99
2026-04-16 17:59:55,040 INFO o.a.j.t.JMeterThread: Thread finished: Thread Group 1-99
2026-04-16 17:59:55,618 INFO o.a.j.t.JMeterThread: Thread is done: Thread Group 1-100
2026-04-16 17:59:55,618 INFO o.a.j.t.JMeterThread: Thread finished: Thread Group 1-100
2026-04-16 17:59:55,619 INFO o.a.j.e.StandardJMeterEngine: Notifying test listeners of end of test
2026-04-16 17:59:55,619 INFO o.a.j.s.FileServer: Close: C:\Users\Fardin Faruk\Desktop\users.csv
2026-04-16 17:59:55,619 INFO o.a.j.g.u.JMeterMenuBar: setRunning(false, *local*)
